\BOOKMARK [0][-]{chapter.1}{Introducci\363n}{}% 1
\BOOKMARK [1][-]{section.1.1}{Planteamiento del Problema}{chapter.1}% 2
\BOOKMARK [1][-]{section.1.2}{Objetivos}{chapter.1}% 3
\BOOKMARK [2][-]{subsection.1.2.1}{General}{section.1.2}% 4
\BOOKMARK [2][-]{subsection.1.2.2}{Espec\355ficos}{section.1.2}% 5
\BOOKMARK [1][-]{section.1.3}{Justificaci\363n}{chapter.1}% 6
\BOOKMARK [0][-]{chapter.2}{Revisi\363n de la literatura}{}% 7
\BOOKMARK [0][-]{chapter.3}{Marco te\363rico}{}% 8
\BOOKMARK [0][-]{chapter.4}{Metodolog\355a}{}% 9
\BOOKMARK [1][-]{section.4.1}{Vistas}{chapter.4}% 10
\BOOKMARK [2][-]{subsection.4.1.1}{Librer\355as de terceros innecesarias}{section.4.1}% 11
\BOOKMARK [2][-]{subsection.4.1.2}{Error en la carga de las vistas}{section.4.1}% 12
\BOOKMARK [2][-]{subsection.4.1.3}{Mala distribuci\363n de los archivos Javascript}{section.4.1}% 13
\BOOKMARK [1][-]{section.4.2}{Validaciones}{chapter.4}% 14
\BOOKMARK [2][-]{subsection.4.2.1}{Validaci\363n de los nested objects}{section.4.2}% 15
\BOOKMARK [1][-]{section.4.3}{Mejoras de rendimiento}{chapter.4}% 16
\BOOKMARK [2][-]{subsection.4.3.1}{Duplicidad en el mapeo}{section.4.3}% 17
\BOOKMARK [2][-]{subsection.4.3.2}{Sobrecarga de Entity Framework}{section.4.3}% 18
\BOOKMARK [2][-]{subsection.4.3.3}{Actualizaci\363n de campos}{section.4.3}% 19
\BOOKMARK [2][-]{subsection.4.3.4}{Uso inadecuado de procedimientos almacenados}{section.4.3}% 20
\BOOKMARK [1][-]{section.4.4}{Mejoras en los servicios}{chapter.4}% 21
\BOOKMARK [2][-]{subsection.4.4.1}{Ruta de los controlador API}{section.4.4}% 22
\BOOKMARK [1][-]{section.4.5}{Mejoras en la l\363gica de negocio}{chapter.4}% 23
\BOOKMARK [2][-]{subsection.4.5.1}{L\363gica de negocio en el controlador}{section.4.5}% 24
\BOOKMARK [2][-]{subsection.4.5.2}{M\351todo SearchCursos en controlador de cursos}{section.4.5}% 25
\BOOKMARK [2][-]{subsection.4.5.3}{Atributos que no se usan}{section.4.5}% 26
\BOOKMARK [2][-]{subsection.4.5.4}{Cambiar la definici\363n de la clase CronogramaMatricula}{section.4.5}% 27
\BOOKMARK [0][-]{section*.3}{Appendices}{}% 28
\BOOKMARK [0][-]{appendix.Alph1}{Requisitos funcionales}{}% 29
